0 0.1 1.09848 0.115708 0.0872195
0.00166667 0.1 1.09677 0.115708 0.0871543
0.00333333 0.1 1.09335 0.115708 0.0870592
0.005 0.1 1.08787 0.115708 0.0869226
0.00666667 0.1 1.08007 0.115708 0.0867334
0.00833333 0.1 1.06995 0.115708 0.0864932
0.01 0.1 1.05774 0.115708 0.0862037
0.0116667 0.1 1.04367 0.115708 0.0858674
0.0133333 0.1 1.02799 0.115708 0.0854865
0.015 0.1 1.01096 0.115708 0.0850638
0.0166667 0.1 0.992814 0.115708 0.0846021
0.0183333 0.1 0.973762 0.115708 0.0841042
0.02 0.1 0.954004 0.115708 0.0835725
0.0216667 0.1 0.933528 0.115708 0.08301
0.0233333 0.1 0.912696 0.115708 0.0824211
0.025 0.1 0.891733 0.115708 0.0818067
0.0266667 0.1 0.870721 0.115708 0.0811712
0.0283333 0.1 0.84969 0.115708 0.0805149
0.03 0.1 0.828697 0.115708 0.0798565
0.0316667 0.1 0.807823 0.115708 0.079171
0.0333333 0.1 0.787176 0.115708 0.0784724
0.035 0.1 0.766873 0.115708 0.0777653
0.0366667 0.1 0.747012 0.115708 0.0770501
0.0383333 0.1 0.727652 0.115708 0.076319
0.04 0.1 0.708822 0.115708 0.0755809
0.0416667 0.1 0.69052 0.115708 0.074865
0.0433333 0.1 0.672775 0.115708 0.0741351
0.045 0.1 0.655587 0.115708 0.0734056
0.0466667 0.1 0.638944 0.115708 0.0726763
0.0483333 0.1 0.62259 0.115708 0.0719481
0.05 0.1 0.607336 0.115708 0.0712247
0.0516667 0.1 0.592512 0.115708 0.0704999
0.0533333 0.1 0.578061 0.115708 0.0697754
0.055 0.1 0.563965 0.115708 0.0690643
0.0566667 0.1 0.550204 0.115708 0.0683601
0.0583333 0.1 0.536772 0.115708 0.0676819
0.06 0.1 0.523665 0.115708 0.0669932
0.0616667 0.1 0.510884 0.115708 0.0663092
0.0633333 0.1 0.498434 0.115708 0.0656379
0.065 0.1 0.486319 0.115708 0.0649761
0.0666667 0.1 0.474544 0.115708 0.064332
0.0683333 0.1 0.463114 0.115708 0.0636939
0.07 0.1 0.452009 0.115708 0.0630631
0.0716667 0.1 0.441329 0.115708 0.0624423
0.0733333 0.1 0.430723 0.115708 0.0618336
0.075 0.1 0.420977 0.115708 0.0612355
0.0766667 0.1 0.41155 0.115708 0.0606485
0.0783333 0.1 0.402426 0.115708 0.0600752
0.08 0.1 0.393592 0.115708 0.0595135
0.0816667 0.1 0.385038 0.115708 0.0589638
0.0833333 0.1 0.376751 0.115708 0.0584262
0.085 0.1 0.36872 0.115708 0.0579027
0.0866667 0.1 0.360009 0.115708 0.0573917
0.0883333 0.1 0.352543 0.115708 0.0568917
0.09 0.1 0.345315 0.115708 0.0564066
0.0916667 0.1 0.339898 0.115708 0.0559339
0.0933333 0.1 0.335765 0.115708 0.0554719
0.095 0.1 0.331739 0.115708 0.0550215
0.0966667 0.1 0.328512 0.115708 0.0545859
0.0983333 0.1 0.326011 0.115708 0.0541635
0.1 0.1 0.324175 0.115708 0.0537499
0.101667 0.1 0.322446 0.115708 0.0533468
0.103333 0.1 0.32028 0.115708 0.0529538
0.105 0.1 0.318413 0.115708 0.0525683
0.106667 0.1 0.317305 0.115708 0.0521956
0.108333 0.1 0.315906 0.115708 0.0518296
0.11 0.1 0.314824 0.115708 0.051476
0.111667 0.1 0.314172 0.115708 0.0511302
0.113333 0.1 0.313613 0.115708 0.0507922
0.115 0.1 0.311179 0.115708 0.05046
0.116667 0.1 0.310595 0.115708 0.050136
0.118333 0.1 0.309872 0.115708 0.0498191
0.12 0.1 0.309231 0.115708 0.0495077
0.121667 0.1 0.308658 0.115708 0.0492011
0.123333 0.1 0.307927 0.115708 0.0488974
0.125 0.1 0.307333 0.115708 0.0486044
0.126667 0.1 0.306281 0.115708 0.0483151
0.128333 0.1 0.305535 0.115708 0.0480292
0.13 0.1 0.304709 0.115708 0.0477485
0.131667 0.1 0.303807 0.115708 0.047474
0.133333 0.1 0.302913 0.115708 0.0472063
0.135 0.1 0.301999 0.115708 0.046944
0.136667 0.1 0.301113 0.115708 0.0466882
0.138333 0.1 0.300076 0.115708 0.0464355
0.14 0.1 0.29829 0.115708 0.0461902
0.141667 0.1 0.297157 0.115708 0.0459512
0.143333 0.1 0.295771 0.115708 0.0457195
0.145 0.1 0.295225 0.115708 0.0454917
0.146667 0.1 0.294825 0.115708 0.045273
0.148333 0.1 0.29414 0.115708 0.0450532
0.15 0.1 0.293152 0.115708 0.044838
0.151667 0.1 0.291852 0.115708 0.0446235
0.153333 0.1 0.290799 0.115708 0.0444171
0.155 0.1 0.290585 0.115708 0.0442146
0.156667 0.1 0.290444 0.115708 0.0440188
0.158333 0.1 0.290393 0.115708 0.0438312
0.16 0.1 0.289982 0.115708 0.0436455
0.161905 0.1 0.288867 0.115708 0.0434385
0.16381 0.1 0.286788 0.115708 0.0432391
0.165714 0.1 0.284951 0.115708 0.0430454
0.167619 0.1 0.284773 0.115708 0.0428492
0.169524 0.1 0.284284 0.115708 0.0426518
0.171429 0.1 0.284521 0.115708 0.0424676
0.173333 0.1 0.284355 0.115708 0.0422894
0.175238 0.1 0.28348 0.115708 0.0421213
0.177143 0.1 0.281715 0.115708 0.0419635
0.179048 0.1 0.280017 0.115708 0.0418092
0.180952 0.1 0.279379 0.115708 0.0416525
0.182857 0.1 0.279065 0.115708 0.0415059
0.184762 0.1 0.27949 0.115708 0.0413618
0.186667 0.1 0.279599 0.115708 0.0412256
0.188571 0.1 0.278505 0.115708 0.0410896
0.190476 0.1 0.277318 0.115708 0.0409542
0.192381 0.1 0.275554 0.115708 0.0408132
0.194286 0.1 0.273967 0.115708 0.0406909
0.19619 0.1 0.273643 0.115708 0.040568
0.198095 0.1 0.273619 0.115708 0.0404526
0.2 0.1 0.273433 0.115708 0.0403426
0.201905 0.1 0.273564 0.115708 0.0402331
0.20381 0.1 0.272397 0.115708 0.0401314
0.205714 0.1 0.27018 0.115708 0.0400377
0.207619 0.1 0.269054 0.115708 0.039943
0.209524 0.1 0.268295 0.115708 0.0398517
0.211429 0.1 0.267677 0.115708 0.0397547
0.213333 0.1 0.267004 0.115708 0.0396614
0.215238 0.1 0.26761 0.115708 0.0395762
0.217143 0.1 0.267387 0.115708 0.039496
0.219048 0.1 0.266096 0.115708 0.0394208
0.220952 0.1 0.264176 0.115708 0.0393397
0.222857 0.1 0.264098 0.115708 0.0392698
0.224762 0.1 0.263392 0.115708 0.0392047
0.226667 0.1 0.262095 0.115708 0.0391408
0.228571 0.1 0.261364 0.115708 0.0390718
0.230476 0.1 0.260714 0.115708 0.0390103
0.232381 0.1 0.2608 0.115708 0.0389527
0.234286 0.0990242 0.260082 0.115708 0.0388915
0.23619 0.0978577 0.259157 0.115708 0.0388298
0.238095 0.0967126 0.25804 0.115708 0.038771
0.24 0.0955885 0.257145 0.115708 0.0387099
0.241905 0.0944847 0.256426 0.115708 0.0386652
0.24381 0.0934009 0.256225 0.115708 0.0386226
0.245714 0.0923365 0.255959 0.115708 0.0385819
0.247619 0.0912911 0.255681 0.115708 0.0385409
0.249524 0.0902641 0.25495 0.115708 0.0385071
0.251429 0.0892553 0.254375 0.115708 0.0384672
0.253333 0.0882641 0.253021 0.115708 0.0384314
0.255238 0.0872902 0.252283 0.115708 0.0384022
0.257143 0.0863331 0.252259 0.115708 0.0383665
0.259048 0.0853924 0.25213 0.115708 0.0383166
0.260952 0.0844679 0.251361 0.115708 0.0382822
0.262857 0.083559 0.250464 0.115708 0.0382557
0.264762 0.0826655 0.249954 0.115708 0.0382335
0.266667 0.0817869 0.24877 0.115708 0.0382139
0.268571 0.0809231 0.248084 0.115708 0.0381883
0.270476 0.0800735 0.247564 0.115708 0.0381712
0.272381 0.079238 0.247048 0.115708 0.0381548
0.274286 0.0784162 0.246509 0.115708 0.0381414
0.27619 0.0776078 0.24591 0.115708 0.0381258
0.278095 0.0768125 0.245549 0.115708 0.0381107
0.28 0.07603 0.245218 0.115708 0.0380897
0.281905 0.0752601 0.24476 0.115708 0.0380733
0.28381 0.0745025 0.243872 0.115708 0.0380602
0.285714 0.0737569 0.243242 0.115708 0.0380513
0.287619 0.073023 0.242387 0.115708 0.0380429
0.289524 0.0723006 0.242019 0.115708 0.0380317
0.291429 0.0715895 0.241717 0.115708 0.0380212
0.293333 0.0708895 0.24105 0.115708 0.0380141
0.295556 0.0700864 0.240513 0.115708 0.0380097
0.297778 0.0692977 0.239454 0.115708 0.0380061
0.3 0.0685229 0.239196 0.115708 0.0380051
0.302222 0.0677619 0.238568 0.115708 0.0380028
0.304444 0.0670142 0.237435 0.115708 0.037995
0.306667 0.0662795 0.236736 0.115708 0.0379916
0.308889 0.0655575 0.236534 0.115708 0.0379881
0.311111 0.064848 0.236724 0.115708 0.0379832
0.313333 0.0641506 0.235998 0.115708 0.0379834
0.315556 0.0634651 0.235134 0.115708 0.0379854
0.317778 0.0627911 0.234457 0.115708 0.037993
0.32 0.0621285 0.233538 0.115708 0.037999
0.322222 0.0614769 0.233231 0.115708 0.0380088
0.324444 0.0608362 0.23273 0.115708 0.0380163
0.326667 0.0602061 0.231999 0.115708 0.0380181
0.328889 0.0595862 0.231738 0.115708 0.038021
0.331111 0.0589766 0.23139 0.115708 0.0380204
0.333333 0.0583767 0.230988 0.115708 0.0380249
0.335556 0.0577866 0.230381 0.115708 0.0380365
0.337778 0.0572059 0.229411 0.115708 0.0380381
0.34 0.0566345 0.228712 0.115708 0.0380535
0.342222 0.0560722 0.228243 0.115708 0.0380627
0.344444 0.0555187 0.227451 0.115708 0.0380744
0.346667 0.0549739 0.227324 0.115708 0.0380862
0.348889 0.0544376 0.226773 0.115708 0.0381029
0.351111 0.0539096 0.226237 0.115708 0.0381191
0.353333 0.0533897 0.225966 0.115708 0.0381318
0.355556 0.0528778 0.225539 0.115708 0.0381456
0.357778 0.0523738 0.224745 0.115708 0.0381528
0.36 0.0518773 0.22442 0.115708 0.0381716
0.362222 0.0513884 0.224033 0.115708 0.0381891
0.364444 0.0509067 0.223515 0.115708 0.0382077
0.366667 0.0504323 0.223279 0.115708 0.0382236
0.368889 0.0499649 0.222839 0.115708 0.0382456
0.371111 0.0495044 0.222201 0.115708 0.0382693
0.373333 0.0490507 0.221638 0.115708 0.0382912
0.375556 0.0486036 0.220887 0.115708 0.0383133
0.377778 0.048163 0.22077 0.115708 0.038325
0.38 0.0477288 0.220256 0.115708 0.0383402
0.382222 0.0473008 0.219623 0.115708 0.0383522
0.384444 0.0468789 0.218955 0.115708 0.0383696
0.386667 0.046463 0.218913 0.115708 0.0383916
0.388889 0.046053 0.218346 0.115708 0.0384106
0.391111 0.0456488 0.217888 0.115708 0.038431
0.393333 0.0452503 0.21726 0.115708 0.0384556
0.395556 0.0448573 0.216633 0.115708 0.0384807
0.397778 0.0444698 0.216408 0.115708 0.0385044
0.4 0.0440876 0.216431 0.115708 0.0385239
0.402222 0.0437106 0.216129 0.115708 0.0385424
0.404444 0.0433388 0.215498 0.115708 0.0385595
0.406667 0.0429721 0.214878 0.115708 0.038577
0.408889 0.0426103 0.214218 0.115708 0.0385934
0.411111 0.0422534 0.214131 0.115708 0.0386135
0.413333 0.0419013 0.213675 0.115708 0.0386325
0.415556 0.0415538 0.213217 0.115708 0.0386538
0.417778 0.041211 0.212651 0.115708 0.0386759
0.42 0.0408727 0.212525 0.115708 0.0387
0.422222 0.0405388 0.212113 0.115708 0.0387252
0.424444 0.0402093 0.211757 0.115708 0.038747
0.426667 0.0398841 0.211289 0.115708 0.0387702
0.428889 0.039563 0.211184 0.115708 0.0387941
0.431111 0.0392462 0.21076 0.115708 0.0388095
0.433333 0.0389333 0.210186 0.115708 0.0388259
0.435556 0.0386245 0.210443 0.115708 0.0388457
0.437778 0.0383196 0.210131 0.115708 0.0388626
0.44 0.0380185 0.209542 0.115708 0.0388415
0.442222 0.0377212 0.208865 0.115708 0.0388625
0.444444 0.0374277 0.20829 0.115708 0.0388878
0.446667 0.0371378 0.208016 0.115708 0.0389116
0.448889 0.0368515 0.207667 0.115708 0.0389345
0.451111 0.0365687 0.207339 0.115708 0.0389583
0.453333 0.0362894 0.206669 0.115708 0.0389834
0.455556 0.0360135 0.206702 0.115708 0.0390025
0.457778 0.0357409 0.206344 0.115708 0.0390184
0.46 0.0354717 0.206367 0.115708 0.0390359
0.462222 0.0352057 0.206053 0.115708 0.0390554
0.464444 0.0349429 0.205372 0.115708 0.0390738
0.466667 0.0346832 0.204752 0.115708 0.0390939
0.468889 0.0344266 0.204371 0.115708 0.0391178
0.471111 0.034173 0.204178 0.115708 0.0391384
0.473333 0.0339225 0.20389 0.115708 0.039158
0.475556 0.0336748 0.203613 0.115708 0.039175
0.477778 0.0334301 0.2032 0.115708 0.0391973
0.48 0.0331882 0.202787 0.115708 0.0392205
0.482667 0.0329015 0.202638 0.115708 0.0392484
0.485333 0.0326189 0.202126 0.115708 0.0392686
0.488 0.0323401 0.201566 0.115708 0.0392883
0.490667 0.0320651 0.201268 0.115708 0.0393101
0.493333 0.0317939 0.20077 0.115708 0.0393324
0.496 0.0315263 0.200738 0.115708 0.0393511
0.498667 0.0312623 0.200584 0.115708 0.0393706
0.501333 0.0310018 0.199933 0.115708 0.0393938
0.504 0.0307447 0.199363 0.115708 0.0394212
0.506667 0.0304911 0.198975 0.115708 0.0394478
0.509333 0.0302407 0.198669 0.115708 0.0394719
0.512 0.0299937 0.198172 0.115708 0.0394936
0.514667 0.0297498 0.197713 0.115708 0.0395134
0.517333 0.0295091 0.197507 0.115708 0.0395316
0.52 0.0292715 0.19717 0.115708 0.0395509
0.522667 0.029037 0.196828 0.115708 0.0395719
0.525333 0.0288054 0.196742 0.115708 0.0395926
0.528 0.0285767 0.196195 0.115708 0.0396168
0.530667 0.0283509 0.195925 0.115708 0.0396403
0.533333 0.028128 0.195896 0.115708 0.0396387
0.536 0.0279078 0.195814 0.115708 0.0396564
0.538667 0.0276903 0.195045 0.115708 0.039663
0.541333 0.0274755 0.194623 0.115708 0.0396825
0.544 0.0272634 0.194208 0.115708 0.0396964
0.546667 0.0270538 0.193946 0.115708 0.0397128
0.549333 0.0268468 0.193821 0.115708 0.0397325
0.552 0.0266423 0.193237 0.115708 0.0397542
0.554667 0.0264402 0.192855 0.115708 0.0397718
0.557333 0.0262406 0.192595 0.115708 0.0397915
0.56 0.0260433 0.192373 0.115708 0.0398103
0.562667 0.0258483 0.192224 0.115708 0.0398286
0.565333 0.0256557 0.191772 0.115708 0.0398472
0.568 0.0254653 0.191258 0.115708 0.0398695
0.570667 0.0252771 0.190921 0.115708 0.0398857
0.573333 0.0250911 0.19073 0.115708 0.0399003
0.576 0.0249073 0.190381 0.115708 0.0399169
0.578667 0.0247255 0.190155 0.115708 0.0399312
0.581333 0.0245459 0.189766 0.115708 0.0399478
0.584 0.0243683 0.189574 0.115708 0.0399663
0.586667 0.0241927 0.189174 0.115708 0.0399834
0.589333 0.024019 0.188932 0.115708 0.0400009
0.592 0.0238474 0.18862 0.115708 0.0400215
0.594667 0.0236776 0.188447 0.115708 0.0400414
0.597333 0.0235097 0.188232 0.115708 0.04004
0.6 0.0233437 0.188089 0.115708 0.0400504
0.602667 0.0231795 0.18749 0.115708 0.0400626
0.605333 0.0230171 0.187134 0.115708 0.0400697
0.608 0.0228565 0.187032 0.115708 0.0400848
0.610667 0.0226976 0.186877 0.115708 0.0401003
0.613333 0.0225405 0.186947 0.115708 0.0401153
0.616 0.022385 0.186326 0.115708 0.0401318
0.618667 0.0222312 0.18615 0.115708 0.0401472
0.621333 0.022079 0.185846 0.115708 0.0401591
0.624 0.0219285 0.185468 0.115708 0.0401713
0.626667 0.0217795 0.185255 0.115708 0.0401845
0.629333 0.0216321 0.184919 0.115708 0.040194
0.632 0.0214862 0.184568 0.115708 0.0402066
0.634667 0.0213419 0.18438 0.115708 0.0402223
0.637333 0.021199 0.184217 0.115708 0.040235
0.64 0.0210576 0.183983 0.115708 0.0402458
0.642667 0.0209177 0.183633 0.115708 0.0402594
0.645333 0.0207792 0.18327 0.115708 0.0402729
0.648 0.020642 0.183067 0.115708 0.0402868
0.650667 0.0205063 0.182917 0.115708 0.0403019
0.653333 0.0203719 0.182965 0.115708 0.040319
0.656 0.0202389 0.182911 0.115708 0.0403474
0.658667 0.0201072 0.194593 0.115708 0.0403959
0.661333 0.0199767 0.215251 0.115708 0.0404522
0.664 0.0198476 0.234362 0.115708 0.0405344
0.666667 0.0197197 0.250855 0.115708 0.040653
0.669333 0.019593 0.264267 0.115708 0.0407957
0.672 0.0194676 0.275156 0.115708 0.0409583
0.674667 0.0193433 0.28272 0.115708 0.0411384
0.677333 0.0192203 0.2882 0.115708 0.0413296
0.68 0.0190984 0.291585 0.115708 0.0415291
0.682667 0.0189776 0.292593 0.115708 0.0417341
0.685333 0.018858 0.291684 0.115708 0.0419468
0.688 0.0187395 0.290814 0.115708 0.0421626
0.690667 0.0186221 0.290088 0.115708 0.0423667
0.693333 0.0185057 0.28932 0.115708 0.0425839
0.696 0.0183905 0.288705 0.115708 0.0427898
0.698667 0.0182763 0.288041 0.115708 0.0429972
0.701333 0.0181631 0.287247 0.115708 0.0432118
0.704 0.018051 0.286422 0.115708 0.0434317
0.706667 0.0179398 0.285562 0.115708 0.0436384
0.709333 0.0178297 0.284907 0.115708 0.0438459
0.712 0.0177205 0.284343 0.115708 0.0440519
0.714667 0.0176123 0.283705 0.115708 0.0442584
0.717333 0.017505 0.283059 0.115708 0.0444744
0.72 0.0173987 0.282401 0.115708 0.0446757
0.722667 0.0172933 0.28177 0.115708 0.0448734
0.725333 0.0171888 0.281132 0.115708 0.0450705
0.728 0.0170852 0.280585 0.115708 0.0452634
0.730667 0.0169825 0.279961 0.115708 0.0454533
0.733333 0.0168807 0.279363 0.115708 0.0456392
0.736 0.0167797 0.278895 0.115708 0.0458121
0.738667 0.0166796 0.27821 0.115708 0.0459905
0.741333 0.0165803 0.277576 0.115708 0.0461656
0.744 0.0164819 0.276962 0.115708 0.0463368
0.746667 0.0163843 0.276456 0.115708 0.0465057
0.749333 0.0162875 0.275881 0.115708 0.0466699
0.752 0.0161914 0.275359 0.115708 0.046833
0.754667 0.0160962 0.274701 0.115708 0.0469917
0.757333 0.0160017 0.274206 0.115708 0.0471478
0.76 0.015908 0.273524 0.115708 0.0473011
0.762667 0.0158151 0.273155 0.115708 0.0474517
0.765333 0.0157229 0.272587 0.115708 0.0475988
0.768 0.0156314 0.271861 0.115708 0.0477428
0.770667 0.0155407 0.271001 0.115708 0.0478814
0.773333 0.0154506 0.270448 0.115708 0.0480155
0.776 0.0153613 0.270282 0.115708 0.0481472
0.778667 0.0152726 0.269876 0.115708 0.048271
0.781333 0.0151847 0.269313 0.115708 0.0483926
0.784 0.0150974 0.268258 0.115708 0.048511
0.786667 0.0150108 0.267774 0.115708 0.0486276
0.789333 0.0149248 0.267502 0.115708 0.048737
0.792 0.0148395 0.267249 0.115708 0.0488473
0.794667 0.0147548 0.266805 0.115708 0.0489544
0.797333 0.0146708 0.265561 0.115708 0.0490503
0.8 0.0145874 0.264976 0.115708 0.0491527
0.802667 0.0145045 0.265148 0.115708 0.0492519
0.805333 0.0144221 0.264886 0.115708 0.0493478
0.808 0.0143402 0.264223 0.115708 0.0494392
0.810667 0.0142588 0.263422 0.115708 0.0495266
0.813333 0.0141777 0.263222 0.115708 0.0496128
0.816 0.0140972 0.262621 0.115708 0.0496922
0.818667 0.0140171 0.261984 0.115708 0.0497653
0.821333 0.0139374 0.261689 0.115708 0.0498454
0.824 0.0138581 0.261543 0.115708 0.0499118
0.826667 0.0137792 0.260388 0.115708 0.0499793
0.829333 0.0137008 0.259792 0.115708 0.0500513
0.832 0.0136227 0.259952 0.115708 0.0501154
0.834667 0.013545 0.259192 0.115708 0.0501767
0.837333 0.0134677 0.258586 0.115708 0.0502355
0.84 0.0133907 0.258763 0.115708 0.0502885
0.842667 0.0133142 0.25752 0.115708 0.0503415
0.845333 0.0132379 0.256745 0.115708 0.0503908
0.848 0.0131621 0.257137 0.115708 0.0504376
0.850667 0.0130865 0.256196 0.115708 0.0504881
0.853333 0.0130113 0.25562 0.115708 0.050527
0.856 0.0129364 0.256071 0.115708 0.0505615
0.858667 0.0128618 0.254748 0.115708 0.0505978
0.861333 0.0127876 0.254507 0.115708 0.0506293
0.864 0.0127136 0.254392 0.115708 0.0506594
0.866667 0.01264 0.253257 0.115708 0.0506872
0.869333 0.0125666 0.253562 0.115708 0.0507061
0.872 0.0124936 0.252886 0.115708 0.0507304
0.874667 0.0124208 0.251984 0.115708 0.0507528
0.877333 0.0123483 0.251991 0.115708 0.0507727
0.88 0.012276 0.25093 0.115708 0.0507912
0.882667 0.0122041 0.251134 0.115708 0.050813
0.885333 0.0121324 0.250557 0.115708 0.0508232
0.888 0.0120609 0.249906 0.115708 0.0508331
0.890667 0.0119901 0.250364 0.115708 0.0508382
0.893333 0.0119199 0.248868 0.115708 0.0508435
0.896 0.0118503 0.249119 0.115708 0.0508458
0.898667 0.0117813 0.248102 0.115708 0.0508458
0.901333 0.011713 0.247984 0.115708 0.0508435
0.904 0.0116452 0.247563 0.115708 0.0508403
0.906667 0.011578 0.246921 0.115708 0.0508336
0.909333 0.0115115 0.247347 0.115708 0.0508255
0.912 0.0114456 0.246098 0.115708 0.0508161
0.914667 0.0113802 0.246292 0.115708 0.0508048
0.917333 0.0113155 0.245266 0.115708 0.050792
0.92 0.0112513 0.245586 0.115708 0.0507793
0.922667 0.0111877 0.244966 0.115708 0.0507628
0.925333 0.0111248 0.244872 0.115708 0.0507443
0.928 0.0110624 0.244736 0.115708 0.0507227
0.930667 0.0110006 0.244197 0.115708 0.050697
0.933333 0.0109394 0.244236 0.115708 0.0506686
0.936 0.0108788 0.24351 0.115708 0.050642
0.938667 0.0108187 0.243718 0.115708 0.0506156
0.941333 0.0107593 0.242655 0.115708 0.050586
0.944 0.0107004 0.243095 0.115708 0.0505528
0.946667 0.0106421 0.242131 0.115708 0.0505195
0.949333 0.0105844 0.242575 0.115708 0.0504854
0.952 0.0105273 0.241215 0.115708 0.0504495
0.954667 0.0104707 0.241609 0.115708 0.0504138
0.957333 0.0104148 0.240754 0.115708 0.0503743
0.96 0.0103594 0.241172 0.115708 0.0503341
0.962667 0.0103046 0.240162 0.115708 0.0502913
0.965333 0.0102503 0.240467 0.115708 0.0502475
0.968 0.0101967 0.239872 0.115708 0.0502011
0.970667 0.0101436 0.240041 0.115708 0.0501505
0.973333 0.010091 0.239301 0.115708 0.0501063
0.976 0.0100391 0.239427 0.115708 0.0500559
0.978667 0.00998772 0.238846 0.115708 0.0500057
0.981333 0.00993693 0.238922 0.115708 0.049952
0.984 0.00988671 0.238292 0.115708 0.0498986
0.986667 0.00983707 0.23822 0.115708 0.0498438
0.989333 0.00978802 0.237849 0.115708 0.049787
0.992 0.00973954 0.237764 0.115708 0.049728
0.994667 0.00969165 0.237199 0.115708 0.0496679
0.997333 0.00964435 0.237193 0.115708 0.0496105
1 0.00959765 0.236727 0.115708 0.0495496
1.00267 0.00955154 0.236805 0.115708 0.0494836
1.00533 0.00950603 0.236229 0.115708 0.0494156
1.008 0.00946113 0.23628 0.115708 0.0493477
1.00978 0.00943154 0.235608 0.115708 0.0493026
1.01156 0.00940222 0.23616 0.115708 0.0492564
1.01333 0.00937318 0.236043 0.115708 0.0492093
1.01556 0.00933728 0.235251 0.115708 0.0491499
1.01778 0.00930181 0.235797 0.115708 0.049091
1.02 0.0092668 0.235173 0.115708 0.0490314
1.02222 0.00923225 0.235413 0.115708 0.0489702
1.02444 0.00919816 0.235303 0.115708 0.0489092
1.02667 0.00916456 0.234506 0.115708 0.0488461
1.02889 0.00913146 0.234979 0.115708 0.0487845
1.03111 0.00909897 0.234321 0.115708 0.048721
1.03333 0.00906711 0.234739 0.115708 0.0486592
1.03556 0.0090359 0.234491 0.115708 0.0485956
1.03778 0.00900536 0.233625 0.115708 0.0485288
1.04 0.00897552 0.234096 0.115708 0.0484564
1.04222 0.0089464 0.233393 0.115708 0.0483862
1.04444 0.00891803 0.233852 0.115708 0.0483141
1.04667 0.00889044 0.23368 0.115708 0.0482446
1.04889 0.00886366 0.232716 0.115708 0.0481742
1.05111 0.00883772 0.233233 0.115708 0.0481029
1.05333 0.00881266 0.232579 0.115708 0.0480321
1.05556 0.00878853 0.232928 0.115708 0.0479602
1.05778 0.00876537 0.232728 0.115708 0.0478874
1.06 0.00874322 0.23164 0.115708 0.0478144
1.06222 0.00872214 0.232248 0.115708 0.0477415
1.06444 0.00870218 0.231705 0.115708 0.047666
1.06667 0.00868339 0.232093 0.115708 0.0475906
1.06889 0.00866582 0.232182 0.115708 0.0475133
1.07111 0.00863262 0.23096 0.115708 0.0474356
1.07333 0.00859953 0.23095 0.115708 0.0473562
1.07556 0.00856616 0.23037 0.115708 0.0472781
1.07778 0.00853247 0.229416 0.115708 0.0472015
1.08 0.00849883 0.229048 0.115708 0.0471295
1.08222 0.00846567 0.23285 0.115708 0.0470669
1.08444 0.00843301 0.252988 0.115708 0.0470157
1.08667 0.00840086 0.269059 0.115708 0.0469767
1.08889 0.00836925 0.281304 0.115708 0.0469497
1.09111 0.00833817 0.324903 0.115708 0.0469346
1.09333 0.00830766 0.378147 0.115708 0.0469331
1.09556 0.00827772 0.417503 0.115708 0.0469364
1.09778 0.00824838 0.44399 0.115708 0.0469445
1.1 0.00821964 0.45909 0.115708 0.0469553
1.10222 0.00819153 0.463242 0.115708 0.0469666
1.10444 0.00816407 0.458656 0.115708 0.0469761
1.10667 0.00813729 0.44988 0.115708 0.0469882
1.10933 0.00810606 0.434559 0.115708 0.0470018
1.112 0.0080759 0.421221 0.115708 0.0470131
1.11467 0.00804683 0.416334 0.115708 0.0470222
1.11733 0.00801892 0.407545 0.115708 0.0470275
1.12 0.0079922 0.401441 0.115708 0.0470365
1.12267 0.00796675 0.394127 0.115708 0.0470418
1.12533 0.00794261 0.387498 0.115708 0.0470452
1.128 0.00791985 0.382263 0.115708 0.0470504
1.13067 0.00789852 0.37733 0.115708 0.0470517
1.13333 0.00787868 0.373088 0.115708 0.0470535
1.136 0.00786047 0.369434 0.115708 0.0470543
1.13867 0.00784317 0.365395 0.115708 0.0470526
1.14133 0.00782677 0.363083 0.115708 0.0470471
1.144 0.00781132 0.359683 0.115708 0.0470427
1.14667 0.00779685 0.356622 0.115708 0.0470333
1.14933 0.00778342 0.35326 0.115708 0.0470234
1.152 0.00777108 0.34971 0.115708 0.0470095
1.15467 0.00775989 0.347062 0.115708 0.0469954
1.15733 0.00774991 0.344492 0.115708 0.0469806
1.16 0.00774119 0.342205 0.115708 0.0469637
1.16267 0.00773382 0.339103 0.115708 0.0469473
1.16533 0.00772786 0.336686 0.115708 0.0469282
1.168 0.0077234 0.334552 0.115708 0.0469052
1.17067 0.00772054 0.333171 0.115708 0.0468819
1.17333 0.00771943 0.331052 0.115708 0.0468572
1.176 0.00772024 0.327826 0.115708 0.0468309
1.17867 0.00772311 0.326236 0.115708 0.0468043
1.18133 0.00772823 0.322783 0.115708 0.0467747
1.184 0.00773578 0.321814 0.115708 0.046741
1.18667 0.00774595 0.319634 0.115708 0.0467041
1.18933 0.00775896 0.316586 0.115708 0.0466641
1.192 0.00777502 0.315101 0.115708 0.0466258
1.19467 0.00779437 0.313043 0.115708 0.0465874
1.19733 0.00781725 0.312091 0.115708 0.0465459
1.2 0.00784392 0.309835 0.115708 0.0465051
1.20267 0.00787465 0.30752 0.115708 0.0464614
1.20533 0.00791197 0.306327 0.115708 0.0464148
1.208 0.00795648 0.303853 0.115708 0.0463683
1.21067 0.00800876 0.30354 0.115708 0.0463217
1.21333 0.00799801 0.301623 0.115708 0.0462727
1.216 0.00798925 0.298817 0.115708 0.0462233
1.21867 0.0079827 0.297592 0.115708 0.0461703
1.22133 0.00797861 0.296218 0.115708 0.0461145
1.224 0.00797722 0.295267 0.115708 0.0460572
1.22667 0.0079788 0.293667 0.115708 0.0459982
1.22933 0.00798361 0.290873 0.115708 0.0459386
1.232 0.00799198 0.289996 0.115708 0.0458765
1.23467 0.00800422 0.287962 0.115708 0.0458159
1.23733 0.00802068 0.287166 0.115708 0.0457531
1.24 0.00804174 0.286443 0.115708 0.0456857
1.24267 0.00806789 0.284179 0.115708 0.0456182
1.24533 0.00809981 0.281852 0.115708 0.0455516
1.248 0.00813818 0.281351 0.115708 0.0454861
1.25067 0.00818379 0.278828 0.115708 0.0454164
1.25333 0.0082383 0.278181 0.115708 0.0453455
1.256 0.00830301 0.27739 0.115708 0.0452693
1.25867 0.00837913 0.275416 0.115708 0.0451884
1.26133 0.00847024 0.275366 0.115708 0.0451104
1.264 0.00858156 0.273154 0.115708 0.0450308
1.26667 0.00871592 0.271269 0.115708 0.0449512
1.26933 0.00887652 0.270884 0.115708 0.0448713
1.272 0.00906691 0.269195 0.115708 0.0447892
1.27467 0.00911589 0.26674 0.115708 0.044707
1.27733 0.00917606 0.265864 0.115708 0.0446246
1.28 0.00925062 0.263016 0.115708 0.0445408
1.28267 0.00934321 0.262573 0.115708 0.0444558
1.28533 0.00945786 0.261646 0.115708 0.0443705
1.288 0.00959919 0.260418 0.115708 0.0442853
1.29067 0.00977251 0.258863 0.115708 0.0441967
1.29333 0.00999557 0.258355 0.115708 0.0441071
1.296 0.0102837 0.257176 0.115708 0.0440143
1.29867 0.010651 0.256548 0.115708 0.0439183
1.30133 0.0111142 0.255913 0.115708 0.0438249
1.304 0.0117074 0.254372 0.115708 0.0437323
1.30667 0.0124562 0.252898 0.115708 0.0436392
1.30933 0.0134 0.249623 0.115708 0.0435455
1.312 0.0145879 0.249454 0.115708 0.0434505
1.31467 0.0160543 0.248876 0.115708 0.0433538
1.31733 0.0178317 0.247896 0.115708 0.043256
1.32 0.0199643 0.246599 0.115708 0.0431561
1.32267 0.0224981 0.245502 0.115708 0.043053
1.32533 0.0254778 0.244959 0.115708 0.042947
1.328 0.0289692 0.244076 0.115708 0.0428376
1.33067 0.0330296 0.243732 0.115708 0.0427289
1.33333 0.0363386 0.242839 0.115708 0.0426232
1.336 0.0393454 0.241952 0.115708 0.0425187
1.33867 0.0441889 0.238618 0.115708 0.0424147
1.34133 0.0460357 0.237348 0.115708 0.0423083
1.344 0.0476014 0.237037 0.115708 0.0422029
1.34667 0.0486089 0.236405 0.115708 0.0420958
1.34933 0.0488618 0.235516 0.115708 0.0419881
1.352 0.0500528 0.234298 0.115708 0.0418789
1.35467 0.0505531 0.233551 0.115708 0.0417675
1.35733 0.0510556 0.23287 0.115708 0.0416535
1.36 0.0515603 0.232387 0.115708 0.0415413
1.36267 0.052067 0.231861 0.115708 0.0414292
1.36533 0.0525758 0.230931 0.115708 0.0413179
1.368 0.052944 0.228556 0.115708 0.0412058
1.37067 0.0531036 0.226765 0.115708 0.0410923
1.37333 0.0532641 0.226311 0.115708 0.0409782
1.376 0.0534251 0.225901 0.115708 0.0408638
1.37867 0.0535868 0.225262 0.115708 0.040749
1.38133 0.0537488 0.224442 0.115708 0.040632
1.384 0.0539107 0.223356 0.115708 0.0405144
1.38667 0.054073 0.223044 0.115708 0.0403919
1.38933 0.0542366 0.222651 0.115708 0.0402683
1.392 0.0544017 0.222169 0.115708 0.0401468
1.39467 0.0545681 0.221499 0.115708 0.0400214
1.39733 0.0547357 0.220843 0.115708 0.0398945
1.4 0.0549044 0.218526 0.115708 0.0397685
1.40267 0.0550085 0.216778 0.115708 0.0396405
1.40533 0.0551148 0.216079 0.115708 0.0395177
1.408 0.0552231 0.215657 0.115708 0.0393919
1.41067 0.0553334 0.215036 0.115708 0.0392664
1.41333 0.0554456 0.214244 0.115708 0.0391412
1.416 0.0555597 0.21349 0.115708 0.0390156
1.41867 0.0556759 0.213128 0.115708 0.038887
1.42133 0.0557943 0.212602 0.115708 0.0387604
1.424 0.0559148 0.212188 0.115708 0.038633
1.42667 0.0560375 0.211502 0.115708 0.0385067
1.42933 0.0561627 0.209808 0.115708 0.0383798
1.432 0.0562905 0.20838 0.115708 0.0382537
1.43467 0.0564223 0.207007 0.115708 0.038125
1.43733 0.0565521 0.206597 0.115708 0.0379968
1.44 0.0566767 0.206087 0.115708 0.0378677
1.44267 0.0568029 0.205437 0.115708 0.0377373
1.44533 0.0569039 0.204642 0.115708 0.0376066
1.448 0.0569992 0.203802 0.115708 0.0374718
1.45067 0.0570967 0.203921 0.115708 0.0373359
1.45333 0.0571959 0.203653 0.115708 0.0372045
1.456 0.0572972 0.20315 0.115708 0.0370731
1.45867 0.0574005 0.202705 0.115708 0.0369408
1.46133 0.0575065 0.200849 0.115708 0.0368088
1.464 0.0576168 0.1995 0.115708 0.0366743
1.46667 0.0577314 0.198136 0.115708 0.0365417
1.46933 0.057848 0.19742 0.115708 0.0364087
1.472 0.0579666 0.196963 0.115708 0.0362742
1.47467 0.0580387 0.196403 0.115708 0.0361384
1.47733 0.0581186 0.195744 0.115708 0.0360025
1.48 0.0582008 0.19531 0.115708 0.0358646
1.48267 0.0582851 0.195314 0.115708 0.0357268
1.48533 0.0583715 0.19504 0.115708 0.0355908
1.488 0.05846 0.194601 0.115708 0.0354561
1.49067 0.0585505 0.194154 0.115708 0.0353203
1.49333 0.0586427 0.192725 0.115708 0.035185
1.496 0.058738 0.191611 0.115708 0.0350485
1.49867 0.0588363 0.19045 0.115708 0.0349125
1.50133 0.0589375 0.189316 0.115708 0.0347754
1.504 0.0590418 0.188891 0.115708 0.034637
1.50667 0.0591493 0.188397 0.115708 0.0345002
1.50933 0.0592603 0.187824 0.115708 0.0343618
1.512 0.0593752 0.187534 0.115708 0.034216
1.51467 0.0594943 0.187523 0.115708 0.0340708
1.51733 0.059618 0.187247 0.115708 0.0339305
1.52 0.0597412 0.18684 0.115708 0.033787
1.52267 0.0598638 0.185828 0.115708 0.0336448
1.52533 0.0599903 0.184998 0.115708 0.0335021
1.528 0.0601212 0.184085 0.115708 0.0333589
1.53067 0.0602578 0.183139 0.115708 0.033218
1.53333 0.0604016 0.182171 0.115708 0.0330756
1.536 0.0606334 0.181658 0.115708 0.0329333
1.53867 0.0608538 0.181245 0.115708 0.0327909
1.54133 0.0610308 0.180775 0.115708 0.0326466
1.544 0.0612275 0.18036 0.115708 0.0325015
1.54667 0.0614501 0.180317 0.115708 0.0323562
1.54933 0.061606 0.180015 0.115708 0.0322148
1.552 0.0617793 0.179673 0.115708 0.0320746
1.55467 0.0619738 0.17881 0.115708 0.0319346
1.55733 0.0621961 0.17808 0.115708 0.0317956
1.56 0.0624535 0.177318 0.115708 0.0316568
1.56267 0.0627553 0.176493 0.115708 0.0315197
1.56533 0.0631136 0.175624 0.115708 0.0313818
1.568 0.0635559 0.174748 0.115708 0.0312428
1.57067 0.0641119 0.174359 0.115708 0.031106
1.57333 0.0648136 0.173922 0.115708 0.0309669
1.576 0.0652216 0.173702 0.115708 0.0308247
1.57867 0.0656974 0.173774 0.115708 0.0306839
1.58133 0.0660683 0.173542 0.115708 0.0305477
1.584 0.066473 0.173254 0.115708 0.0304128
1.58667 0.0669215 0.172343 0.115708 0.0302794
1.58933 0.0674201 0.171711 0.115708 0.0301449
1.592 0.0679757 0.171041 0.115708 0.0300106
1.59467 0.0686192 0.170363 0.115708 0.0298779
1.59733 0.069386 0.169645 0.115708 0.0297466
1.6 0.0703157 0.168893 0.115708 0.0296151
1.60267 0.0714512 0.168167 0.115708 0.0294846
1.60533 0.072881 0.167799 0.115708 0.0293512
1.608 0.0741626 0.167491 0.115708 0.029219
1.61067 0.0755724 0.167656 0.115708 0.0290871
1.61333 0.0766453 0.167539 0.115708 0.0289596
1.616 0.0777077 0.167288 0.115708 0.0288356
1.61867 0.0788692 0.166451 0.115708 0.0287124
1.62133 0.0801548 0.165905 0.115708 0.0285909
1.624 0.081597 0.165312 0.115708 0.028471
1.62667 0.0832337 0.164713 0.115708 0.0283546
1.62933 0.0843535 0.164107 0.115708 0.0282373
1.632 0.0842037 0.16346 0.115708 0.0281211
1.63467 0.0840546 0.162776 0.115708 0.0280073
1.63733 0.0839063 0.16212 0.115708 0.0278957
1.64 0.0837588 0.161763 0.115708 0.0277827
1.64267 0.083612 0.161708 0.115708 0.0276683
1.64533 0.083466 0.161745 0.115708 0.027559
1.648 0.0833208 0.161553 0.115708 0.0274544
1.65067 0.0831764 0.160792 0.115708 0.027353
1.65333 0.0830328 0.160327 0.115708 0.0272534
1.65667 0.0828545 0.159718 0.115708 0.0271304
1.65917 0.0827216 0.159241 0.115708 0.0270398
1.66167 0.0825893 0.158757 0.115708 0.0269526
1.66417 0.0824578 0.158265 0.115708 0.0268686
1.66667 0.0823269 0.15776 0.115708 0.0267849
1.66933 0.082188 0.157192 0.115708 0.0266949
1.672 0.0820499 0.156821 0.115708 0.0266065
1.67467 0.0819125 0.157125 0.115708 0.0265189
1.67733 0.0817759 0.157285 0.115708 0.0264337
1.68 0.08164 0.158135 0.115708 0.0263542
1.68333 0.0814712 0.159419 0.115708 0.0262575
1.68667 0.0813034 0.162555 0.115708 0.0261657
1.69 0.0811367 0.165225 0.115708 0.0260803
1.69333 0.0809711 0.167388 0.115708 0.0259965
1.69667 0.0808066 0.169104 0.115708 0.0259178
1.7 0.0806431 0.170674 0.115708 0.0258409
1.70333 0.0804805 0.172445 0.115708 0.0257644
1.70667 0.0803188 0.174223 0.115708 0.0256874
1.71 0.0801581 0.175903 0.115708 0.0256099
1.71333 0.0799984 0.177381 0.115708 0.0255403
1.71667 0.0798395 0.178889 0.115708 0.0254703
1.72 0.0796816 0.180793 0.115708 0.0254035
1.72333 0.0795245 0.182357 0.115708 0.0253438
1.72667 0.0793683 0.183585 0.115708 0.0252871
1.73 0.0792129 0.184503 0.115708 0.0252304
1.73333 0.0790584 0.185195 0.115708 0.0251739
1.73667 0.0789047 0.186059 0.115708 0.0251178
1.74 0.0787518 0.186682 0.115708 0.0250598
1.74333 0.0785996 0.187069 0.115708 0.0249988
1.74667 0.0784482 0.187238 0.115708 0.0249417
1.75 0.0782977 0.18721 0.115708 0.0248906
1.75333 0.0781479 0.185989 0.115708 0.0248406
1.75667 0.0779989 0.185945 0.115708 0.0247934
1.76 0.0778508 0.185875 0.115708 0.0247451
1.76333 0.0777035 0.185807 0.115708 0.0247
1.76667 0.0775569 0.185635 0.115708 0.0246546
1.77 0.0774111 0.185416 0.115708 0.0246075
1.77333 0.0772662 0.185211 0.115708 0.0245617
1.77667 0.0771219 0.184553 0.115708 0.0245119
1.78 0.0769785 0.184155 0.115708 0.0244598
1.78333 0.0768358 0.183716 0.115708 0.0244195
1.78667 0.0766938 0.183358 0.115708 0.0243864
1.79 0.0765525 0.183236 0.115708 0.0243538
1.79333 0.0764119 0.183073 0.115708 0.0243292
1.79667 0.0762718 0.185221 0.115708 0.0243115
1.8 0.0761231 0.187431 0.115708 0.0243015
1.80333 0.0759751 0.193207 0.115708 0.0242978
1.80667 0.0758279 0.20264 0.115708 0.0243023
1.81 0.0756814 0.212353 0.115708 0.0243102
1.81333 0.0755357 0.222075 0.115708 0.0243254
1.81667 0.0753906 0.234887 0.115708 0.0243515
1.82 0.0752464 0.245964 0.115708 0.0243936
1.82333 0.0751028 0.254642 0.115708 0.0244432
1.82667 0.07496 0.261411 0.115708 0.0245016
1.83 0.074818 0.266797 0.115708 0.0245644
1.83333 0.0746767 0.271171 0.115708 0.0246328
1.83667 0.0745362 0.274858 0.115708 0.0246969
1.84 0.0743964 0.278013 0.115708 0.0247659
1.84333 0.0742574 0.280733 0.115708 0.0248369
1.84667 0.0741192 0.28307 0.115708 0.0249056
1.85 0.0739817 0.285049 0.115708 0.0249773
1.85333 0.073845 0.286662 0.115708 0.0250574
1.85667 0.073709 0.287869 0.115708 0.02514
1.86 0.0735738 0.288595 0.115708 0.0252218
1.86333 0.0734394 0.288782 0.115708 0.0253034
1.86667 0.0733057 0.288478 0.115708 0.0253855
1.87 0.0731727 0.287744 0.115708 0.0254666
1.87333 0.0730405 0.2867 0.115708 0.0255422
1.87667 0.072909 0.285249 0.115708 0.0256182
1.88 0.0727782 0.283356 0.115708 0.0256906
1.88333 0.0726482 0.280549 0.115708 0.0257584
1.88667 0.0725188 0.278629 0.115708 0.0258218
1.89 0.0723901 0.276767 0.115708 0.025893
1.89333 0.0722621 0.274891 0.115708 0.0259642
1.89667 0.0721347 0.272973 0.115708 0.0260364
1.9 0.0720081 0.271025 0.115708 0.0261081
1.90333 0.0718821 0.269066 0.115708 0.0261754
1.90667 0.0717568 0.267116 0.115708 0.0262425
1.91 0.0716322 0.264594 0.115708 0.026307
1.91333 0.0715084 0.262619 0.115708 0.0263672
1.91667 0.0713854 0.261164 0.115708 0.0264291
1.92 0.071263 0.259564 0.115708 0.0264878
1.92333 0.0711414 0.257814 0.115708 0.0265411
1.92667 0.0710202 0.256489 0.115708 0.0266036
1.93 0.0708998 0.255013 0.115708 0.0266633
1.93333 0.0707801 0.253449 0.115708 0.0267213
1.93667 0.0706612 0.251884 0.115708 0.0267769
1.94 0.0705433 0.250325 0.115708 0.0268284
1.94333 0.0704262 0.248879 0.115708 0.026878
1.94667 0.07031 0.247416 0.115708 0.0269277
1.95 0.0701947 0.245994 0.115708 0.0269737
1.95333 0.0700804 0.244936 0.115708 0.0270158
1.95667 0.0699672 0.243875 0.115708 0.0270528
1.96 0.0698479 0.242697 0.115708 0.0270927
1.96333 0.0697293 0.241435 0.115708 0.0271396
1.96667 0.0696114 0.24001 0.115708 0.0271823
1.97 0.0694943 0.238834 0.115708 0.0272212
1.97333 0.069378 0.237614 0.115708 0.0272644
1.97667 0.0692626 0.236361 0.115708 0.0273018
1.98 0.069148 0.235088 0.115708 0.0273362
1.98333 0.0690343 0.233742 0.115708 0.0273681
1.98667 0.0689215 0.23289 0.115708 0.0273982
1.99 0.0688099 0.232 0.115708 0.0274238
1.99333 0.0686995 0.231358 0.115708 0.0274435
1.99667 0.0685905 0.230603 0.115708 0.0274655
2 0.0684825 0.229697 0.115708 0.0274911
2.00333 0.0683751 0.2285 0.115708 0.0275131
2.00667 0.068269 0.227637 0.115708 0.0275338
2.01 0.0681642 0.226699 0.115708 0.0275506
2.01333 0.068061 0.225868 0.115708 0.0275703
2.01667 0.0679596 0.224966 0.115708 0.027586
2.02 0.0678607 0.223969 0.115708 0.0276004
2.02333 0.0677651 0.222937 0.115708 0.0276127
2.02667 0.0676749 0.221783 0.115708 0.0276211
2.03 0.0675935 0.220885 0.115708 0.0276231
2.03333 0.0675269 0.220354 0.115708 0.0276297
2.03667 0.067429 0.219572 0.115708 0.0276431
2.04 0.0673347 0.218639 0.115708 0.0276534
2.04333 0.0672459 0.21764 0.115708 0.0276678
2.04667 0.0671645 0.216636 0.115708 0.0276796
2.05 0.067094 0.215852 0.115708 0.0276917
2.05333 0.0670404 0.215273 0.115708 0.0277009
2.05667 0.0670152 0.214453 0.115708 0.0277117
2.06 0.0670479 0.213507 0.115708 0.0277229
2.06333 0.0671979 0.212504 0.115708 0.0277338
2.06667 0.067555 0.21152 0.115708 0.0277495
2.07 0.0676287 0.21083 0.115708 0.02777
2.07333 0.0677833 0.210501 0.115708 0.0277932
2.07667 0.068086 0.210134 0.115708 0.0278182
2.08 0.0686964 0.20968 0.115708 0.0278537
2.08333 0.0698793 0.209192 0.115708 0.0278971
2.08667 0.0724675 0.208664 0.115708 0.0279481
2.09 0.0775725 0.208372 0.115708 0.0280101
2.09333 0.0859142 0.208001 0.115708 0.0280858
2.09667 0.0948167 0.207777 0.115708 0.0281834
2.1 0.0945582 0.20745 0.115708 0.0283046
2.10333 0.094301 0.207155 0.115708 0.028458
2.10667 0.0940451 0.206872 0.115708 0.0286295
2.11 0.0937904 0.206457 0.115708 0.0288185
2.11333 0.0935371 0.206233 0.115708 0.0290196
2.11667 0.093285 0.206382 0.115708 0.0292337
2.12 0.0930341 0.207061 0.115708 0.0294563
2.12333 0.0927845 0.206723 0.115708 0.0296822
2.12667 0.0925361 0.206273 0.115708 0.0299146
2.13 0.092289 0.205878 0.115708 0.0301471
2.13333 0.0920431 0.205867 0.115708 0.0303776
2.13667 0.0917984 0.205698 0.115708 0.0306081
2.14 0.0915549 0.205244 0.115708 0.0308369
2.14333 0.0913127 0.204843 0.115708 0.0310647
2.14667 0.0910716 0.204544 0.115708 0.0312897
2.15 0.0908317 0.204483 0.115708 0.0315106
2.15333 0.090593 0.204348 0.115708 0.031728
2.15667 0.0903554 0.204113 0.115708 0.0319424
2.16 0.090119 0.203886 0.115708 0.0321604
2.16333 0.0898838 0.204626 0.115708 0.032377
2.16667 0.0896497 0.204786 0.115708 0.0325952
2.17 0.0894168 0.204929 0.115708 0.0328093
2.17333 0.089185 0.204832 0.115708 0.0330226
2.17667 0.0889544 0.204614 0.115708 0.0332304
2.18 0.0887248 0.204823 0.115708 0.0334343
2.18333 0.0884964 0.204882 0.115708 0.0336362
2.18667 0.0882691 0.204729 0.115708 0.0338351
2.19 0.0880429 0.204471 0.115708 0.0340296
2.19333 0.0878177 0.204251 0.115708 0.0342227
2.19667 0.0875937 0.20424 0.115708 0.034409
2.2 0.0873708 0.204124 0.115708 0.0345914
2.20333 0.0871489 0.203904 0.115708 0.0347691
2.20667 0.0869281 0.203602 0.115708 0.0349445
2.21 0.0867084 0.203413 0.115708 0.0351191
2.21333 0.0864897 0.203179 0.115708 0.0352941
2.21667 0.0862721 0.203294 0.115708 0.0354646
2.22 0.0860555 0.203136 0.115708 0.0356291
2.22333 0.0858399 0.202949 0.115708 0.0357906
2.22667 0.0856254 0.202627 0.115708 0.0359496
2.23 0.0854119 0.202202 0.115708 0.0361041
2.23333 0.0851994 0.201923 0.115708 0.0362586
2.23667 0.084988 0.201545 0.115708 0.0364081
2.24 0.0847775 0.201246 0.115708 0.0365526
2.24333 0.0845681 0.200655 0.115708 0.0366909
2.24667 0.0843596 0.200537 0.115708 0.0368243
2.25 0.0841521 0.199719 0.115708 0.036952
2.25333 0.0839456 0.199249 0.115708 0.0370715
2.25667 0.0837401 0.198643 0.115708 0.0371911
2.26 0.0835356 0.197886 0.115708 0.037313
2.26333 0.083332 0.197028 0.115708 0.0374342
2.26667 0.0831294 0.196419 0.115708 0.0375498
2.27 0.0829277 0.195932 0.115708 0.0376621
2.27333 0.082727 0.195374 0.115708 0.03777
2.27667 0.0825272 0.194826 0.115708 0.0378757
2.28 0.0823284 0.194281 0.115708 0.037972
2.28333 0.0821305 0.193603 0.115708 0.0380684
2.28667 0.0819335 0.192804 0.115708 0.0381638
2.29 0.0817375 0.191813 0.115708 0.0382556
2.29333 0.0815424 0.191363 0.115708 0.0383424
2.29667 0.0813481 0.190583 0.115708 0.038425
2.3 0.0811548 0.189676 0.115708 0.0385035
2.30333 0.0809624 0.189826 0.115708 0.0385774
2.30667 0.0807709 0.188946 0.115708 0.038646
2.31 0.0805803 0.188336 0.115708 0.0387123
2.31333 0.0803905 0.187425 0.115708 0.0387818
2.31667 0.0802017 0.186408 0.115708 0.03885
2.32 0.0800137 0.185941 0.115708 0.0389159
2.32333 0.0798266 0.186203 0.115708 0.0389771
2.32667 0.0796403 0.186424 0.115708 0.0390363
2.33 0.0794549 0.186603 0.115708 0.0390917
2.33333 0.0792704 0.186736 0.115708 0.0391431
2.33667 0.0790867 0.186826 0.115708 0.0391835
2.34 0.0789039 0.186872 0.115708 0.0392285
2.34333 0.0787219 0.186875 0.115708 0.039273
2.34667 0.0785408 0.186838 0.115708 0.0393136
2.35 0.0783604 0.186762 0.115708 0.0393511
2.35333 0.0781809 0.186648 0.115708 0.0393839
2.35667 0.0780022 0.186502 0.115708 0.0394158
2.36 0.0778244 0.186325 0.115708 0.0394471
2.36333 0.0776473 0.184727 0.115708 0.0394696
2.36667 0.0774711 0.184445 0.115708 0.0394925
2.37 0.0772956 0.184153 0.115708 0.0395207
2.37333 0.0771211 0.183854 0.115708 0.0395466
2.37667 0.0769474 0.183588 0.115708 0.0395687
2.38 0.0767745 0.183456 0.115708 0.0395886
2.38333 0.0766024 0.183299 0.115708 0.0396067
2.38667 0.0764312 0.183119 0.115708 0.0396213
2.39 0.0762607 0.182918 0.115708 0.0396334
2.39333 0.0760911 0.182697 0.115708 0.0396419
2.39667 0.0759222 0.182457 0.115708 0.0396459
2.4 0.0757542 0.182199 0.115708 0.0396518
2.40333 0.0755869 0.181923 0.115708 0.0396553
2.40667 0.0754204 0.18163 0.115708 0.0396574
2.41 0.0752547 0.18132 0.115708 0.03966
2.41333 0.0750897 0.180994 0.115708 0.0396641
2.41667 0.0749255 0.180653 0.115708 0.0396635
2.42 0.0747621 0.180297 0.115708 0.0396606
2.42333 0.0745994 0.179926 0.115708 0.0396514
2.42667 0.0744375 0.179542 0.115708 0.0396437
2.43 0.0742763 0.179144 0.115708 0.0396342
2.43333 0.0741158 0.178734 0.115708 0.0396248
2.43667 0.0739561 0.178311 0.115708 0.0396148
2.44 0.0737971 0.177878 0.115708 0.0396006
2.44333 0.0736389 0.177434 0.115708 0.0395855
2.44667 0.0734813 0.176981 0.115708 0.0395651
2.45 0.0733245 0.176521 0.115708 0.0395428
2.45333 0.0731683 0.176053 0.115708 0.0395142
2.45667 0.0730129 0.17558 0.115708 0.0394885
2.46 0.0728582 0.1751 0.115708 0.0394677
2.46333 0.0727042 0.174614 0.115708 0.0394462
2.46667 0.0725508 0.174122 0.115708 0.0394227
2.47 0.0723982 0.173638 0.115708 0.0393977
2.47333 0.0722462 0.173172 0.115708 0.0393695
2.47667 0.0720949 0.1727 0.115708 0.0393394
2.48 0.0719443 0.172222 0.115708 0.0393058
2.48333 0.0717943 0.171738 0.115708 0.0392648
2.48667 0.071645 0.171249 0.115708 0.039229
2.49 0.0714964 0.170753 0.115708 0.0391916
2.49333 0.0713484 0.170252 0.115708 0.0391544
2.49667 0.071201 0.169744 0.115708 0.0391158
2.5 0.0710544 0.169231 0.115708 0.0390755
2.50333 0.0709083 0.168713 0.115708 0.0390315
2.50667 0.0707629 0.168189 0.115708 0.0389844
2.51 0.0706181 0.167661 0.115708 0.0389414
2.51333 0.070474 0.167129 0.115708 0.038891
2.51667 0.0703305 0.166593 0.115708 0.0388455
2.52 0.0701876 0.166053 0.115708 0.0387988
2.52333 0.0700453 0.16551 0.115708 0.0387527
2.52667 0.0699036 0.164965 0.115708 0.0387032
2.53 0.0697626 0.164417 0.115708 0.0386508
2.53333 0.0696221 0.163879 0.115708 0.0385987
2.53667 0.0694823 0.163372 0.115708 0.0385435
2.54 0.0693431 0.162892 0.115708 0.038484
2.54333 0.0692044 0.162478 0.115708 0.0384198
2.54667 0.0690664 0.162059 0.115708 0.0383599
2.55 0.068929 0.161634 0.115708 0.0383014
2.55333 0.0687921 0.161261 0.115708 0.0382416
2.55667 0.0686558 0.160913 0.115708 0.0381808
2.56 0.0685201 0.160563 0.115708 0.0381212
2.56333 0.068385 0.16021 0.115708 0.0380577
2.56667 0.0682505 0.159851 0.115708 0.0379962
2.57 0.0681165 0.159483 0.115708 0.0379299
2.57333 0.0679832 0.159354 0.115708 0.0378603
2.57667 0.0678503 0.158792 0.115708 0.0377942
2.58 0.0677181 0.158521 0.115708 0.0377285
2.58333 0.0675864 0.158209 0.115708 0.0376598
2.58667 0.0674552 0.157867 0.115708 0.0375876
2.59 0.0673246 0.157845 0.115708 0.0375172
2.59333 0.0671946 0.15784 0.115708 0.0374419
2.59667 0.0670651 0.157774 0.115708 0.0373647
2.6 0.0669362 0.157596 0.115708 0.0372842
2.60333 0.0668078 0.157269 0.115708 0.037203
2.60667 0.0666799 0.156882 0.115708 0.0371275
2.61 0.0665525 0.156536 0.115708 0.0370533
2.61333 0.0664257 0.156172 0.115708 0.0369781
2.61667 0.0662828 0.15607 0.115708 0.0368997
2.62 0.0661404 0.155812 0.115708 0.0368239
2.62333 0.0659986 0.155426 0.115708 0.0367428
2.62667 0.0658574 0.155311 0.115708 0.0366647
2.63 0.0657167 0.155003 0.115708 0.03658
2.63333 0.0655767 0.154844 0.115708 0.0364971
2.63667 0.0654372 0.154234 0.115708 0.0364135
2.64 0.0652984 0.153902 0.115708 0.036331
2.64333 0.0651601 0.153705 0.115708 0.0362482
2.64667 0.0650224 0.153689 0.115708 0.0361618
2.65 0.0648853 0.153665 0.115708 0.0360727
2.65333 0.0647488 0.153488 0.115708 0.0359847
2.65667 0.0646129 0.153208 0.115708 0.0358992
2.66 0.0644775 0.152797 0.115708 0.0358109
2.66333 0.0643428 0.152391 0.115708 0.0357233
2.66667 0.0642087 0.151994 0.115708 0.0356363
2.67 0.0640751 0.151792 0.115708 0.0355475
2.67333 0.0639422 0.151458 0.115708 0.0354591
2.67667 0.0638098 0.151318 0.115708 0.035371
2.68 0.0636781 0.151094 0.115708 0.0352793
2.68333 0.0635469 0.150813 0.115708 0.0351859
2.68667 0.0634163 0.150543 0.115708 0.0350925
2.69 0.0632863 0.150192 0.115708 0.0349942
2.69333 0.0631569 0.149579 0.115708 0.0348972
2.69667 0.0630281 0.149567 0.115708 0.0348001
2.7 0.0628999 0.149322 0.115708 0.0346988
2.70333 0.0627723 0.149211 0.115708 0.0345957
2.70667 0.0626453 0.149175 0.115708 0.0344953
2.71 0.0625188 0.149139 0.115708 0.0343977
2.71333 0.062393 0.149102 0.115708 0.0342983
2.71667 0.0622677 0.149064 0.115708 0.034199
2.72 0.062143 0.149025 0.115708 0.0340959
2.72333 0.062019 0.148985 0.115708 0.0339913
2.72667 0.0618955 0.148943 0.115708 0.0338919
2.73 0.0617726 0.148901 0.115708 0.0337917
2.73333 0.0616503 0.148857 0.115708 0.0336887
2.73667 0.0615285 0.148812 0.115708 0.0335837
2.74 0.0614074 0.148766 0.115708 0.0334771
2.74333 0.0612869 0.148719 0.115708 0.0333664
2.74667 0.0611669 0.14867 0.115708 0.0332589
2.75 0.0610476 0.14862 0.115708 0.0331508
2.75333 0.0609288 0.148568 0.115708 0.0330431
2.75667 0.0608106 0.148514 0.115708 0.0329342
2.76 0.060693 0.148459 0.115708 0.0328263
2.76333 0.060576 0.148403 0.115708 0.0327201
2.76667 0.0604595 0.148344 0.115708 0.0326108
2.77 0.0603437 0.148284 0.115708 0.0325016
2.77333 0.0602284 0.148222 0.115708 0.0323894
2.77667 0.0601137 0.148159 0.115708 0.0322754
2.78 0.0599996 0.148093 0.115708 0.0321629
2.78333 0.0598861 0.148025 0.115708 0.0320496
2.78667 0.0597731 0.147955 0.115708 0.0319335
2.79 0.0596607 0.147883 0.115708 0.031817
2.79333 0.0595489 0.147808 0.115708 0.0316953
2.79667 0.0594377 0.14773 0.115708 0.0315689
2.8 0.0593271 0.147649 0.115708 0.0314482
2.80333 0.059217 0.147566 0.115708 0.031329
2.80667 0.0591075 0.14748 0.115708 0.0312062
2.81 0.0589987 0.147391 0.115708 0.0310834
2.81333 0.0588904 0.147299 0.115708 0.0309624
2.81667 0.0587827 0.147204 0.115708 0.0308438
2.82 0.0586755 0.147106 0.115708 0.0307227
2.82333 0.0585688 0.147005 0.115708 0.0306011
2.82667 0.0584628 0.1469 0.115708 0.0304775
2.83 0.0583573 0.146793 0.115708 0.0303522
2.83333 0.0582524 0.146681 0.115708 0.0302297
2.83667 0.0581481 0.146567 0.115708 0.0301022
2.84 0.0580444 0.146449 0.115708 0.0299725
2.84333 0.0579412 0.146327 0.115708 0.0298451
2.84667 0.0578387 0.146202 0.115708 0.0297189
2.85 0.0577367 0.146073 0.115708 0.0295906
2.85333 0.0576353 0.145941 0.115708 0.0294654
2.85667 0.0575345 0.145805 0.115708 0.0293392
2.86 0.0574343 0.145665 0.115708 0.0292093
2.86333 0.0573346 0.145522 0.115708 0.02908
2.86667 0.0572355 0.145375 0.115708 0.0289525
2.87 0.057137 0.145224 0.115708 0.0288245
2.87333 0.0570391 0.14507 0.115708 0.0286937
2.87667 0.0569417 0.144912 0.115708 0.0285651
2.88 0.0568448 0.14475 0.115708 0.0284338
2.88333 0.0567486 0.144584 0.115708 0.028304
2.88667 0.0566529 0.144415 0.115708 0.0281731
2.89 0.0565577 0.144242 0.115708 0.0280355
2.89333 0.0564631 0.144065 0.115708 0.0278919
2.89667 0.0563691 0.143885 0.115708 0.0277549
2.9 0.0562756 0.143701 0.115708 0.0276222
2.90333 0.0561826 0.143513 0.115708 0.0274891
2.90667 0.0560902 0.143321 0.115708 0.0273575
2.91 0.0559983 0.143125 0.115708 0.027224
2.91333 0.055907 0.142925 0.115708 0.0270874
2.91667 0.0558161 0.142721 0.115708 0.0269527
2.92 0.0557258 0.142513 0.115708 0.0268199
2.92333 0.055636 0.142301 0.115708 0.026685
2.92667 0.0555468 0.142086 0.115708 0.0265467
2.93 0.055458 0.141866 0.115708 0.0264101
2.93333 0.0553697 0.141643 0.115708 0.0262739
2.93667 0.0552819 0.141417 0.115708 0.0261388
2.94 0.0551947 0.141183 0.115708 0.0259773
2.94333 0.0551079 0.140945 0.115708 0.0258375
2.94667 0.0550216 0.140704 0.115708 0.0256937
2.95 0.0549351 0.14046 0.115708 0.025555
2.95333 0.054849 0.140212 0.115708 0.0254199
2.95667 0.0547635 0.139961 0.115708 0.0252815
2.96 0.0546783 0.139707 0.115708 0.0251415
2.96333 0.0545937 0.139449 0.115708 0.0250014
2.96667 0.0545095 0.139189 0.115708 0.0248599
2.97 0.0544257 0.138925 0.115708 0.0247221
2.97333 0.0543424 0.138659 0.115708 0.0245806
2.97667 0.0542596 0.138389 0.115708 0.0244387
2.98 0.0541772 0.138117 0.115708 0.0242932
2.98333 0.0540952 0.137841 0.115708 0.0241496
2.98667 0.0540137 0.137563 0.115708 0.0240092
2.99 0.0539327 0.137283 0.115708 0.0238656
2.99333 0.053852 0.137 0.115708 0.0237208
2.99667 0.0537718 0.136715 0.115708 0.0235743
3 0.053692 0.136428 0.115708 0.0234299
3.00333 0.0536127 0.136139 0.115708 0.0232901
3.00667 0.0535338 0.135848 0.115708 0.0231486
3.01 0.0534553 0.135556 0.115708 0.0230018
3.01333 0.0533772 0.135261 0.115708 0.0228567
3.01667 0.0532995 0.134965 0.115708 0.0227106
3.02 0.0532223 0.134667 0.115708 0.0225644
3.02333 0.0531454 0.134368 0.115708 0.0224202
3.02667 0.053069 0.134067 0.115708 0.0222728
3.03 0.0529929 0.133765 0.115708 0.0221251
3.03333 0.0529173 0.133462 0.115708 0.0219771
3.03667 0.052842 0.133157 0.115708 0.0218332
3.04 0.0527672 0.132851 0.115708 0.0216863
3.04333 0.0526927 0.132545 0.115708 0.0215341
3.04667 0.0526186 0.132237 0.115708 0.0213838
3.05 0.0525449 0.131928 0.115708 0.021229
3.05333 0.0524716 0.132145 0.115708 0.0210809
3.05667 0.0523986 0.132531 0.115708 0.0209373
3.06 0.052326 0.133466 0.115708 0.0207909
3.06333 0.0522416 0.134296 0.115708 0.0206399
3.06667 0.0521576 0.134959 0.115708 0.0204901
3.07 0.052074 0.135509 0.115708 0.0203382
3.07333 0.0519909 0.135975 0.115708 0.0201889
3.07667 0.0519082 0.136351 0.115708 0.0200366
3.08 0.0518259 0.137626 0.115708 0.0198855
3.08333 0.0517441 0.139307 0.115708 0.0197333
3.08667 0.0516628 0.140387 0.115708 0.0195825
3.09 0.0515819 0.141131 0.115708 0.019438
3.09333 0.0515014 0.141011 0.115708 0.0192879
3.09667 0.0514215 0.140976 0.115708 0.0191371
3.09917 0.0513618 0.14141 0.115708 0.0190218
3.10167 0.0513024 0.141638 0.115708 0.0189057
3.10417 0.0512433 0.141618 0.115708 0.0187938
3.10667 0.0511845 0.142667 0.115708 0.0186843
3.10933 0.051122 0.144664 0.115708 0.0185663
3.112 0.0510599 0.146151 0.115708 0.0184454
3.11467 0.0509981 0.146783 0.115708 0.0183191
3.11733 0.0509366 0.146835 0.115708 0.0181969
3.12 0.0508755 0.146604 0.115708 0.0180783
3.12267 0.0508146 0.146399 0.115708 0.0179601
3.12533 0.0507541 0.145861 0.115708 0.0178396
3.128 0.050694 0.146182 0.115708 0.0177195
3.13067 0.0506341 0.1456 0.115708 0.0176015
3.13333 0.0505746 0.144337 0.115708 0.0174825
3.136 0.0505155 0.14493 0.115708 0.0173616
3.13867 0.0504567 0.145388 0.115708 0.0172416
3.14133 0.0503982 0.147228 0.115708 0.0171244
3.144 0.0503401 0.147932 0.115708 0.0170013
3.14667 0.0502824 0.147917 0.115708 0.0168767
3.14933 0.050225 0.147452 0.115708 0.0167562
3.152 0.050168 0.147438 0.115708 0.0166344
3.15467 0.0501113 0.146161 0.115708 0.0165165
3.15733 0.050055 0.14556 0.115708 0.0164026
3.16 0.049999 0.145992 0.115708 0.0162891
3.16267 0.0499435 0.145957 0.115708 0.0161743
3.16533 0.0498883 0.145489 0.115708 0.0160579
3.168 0.0498335 0.144821 0.115708 0.0159408
3.17067 0.049779 0.146172 0.115708 0.0158227
3.17333 0.049725 0.147455 0.115708 0.0157019
3.176 0.0496714 0.148555 0.115708 0.0155816
3.17867 0.0496181 0.148996 0.115708 0.015465
3.18133 0.0495653 0.148794 0.115708 0.0153529
3.184 0.0495128 0.148282 0.115708 0.0152423
3.18667 0.0494607 0.145822 0.115708 0.0151304
3.18933 0.0494091 0.146451 0.115708 0.0150192
3.192 0.0493578 0.146844 0.115708 0.0149101
3.19467 0.0493069 0.146771 0.115708 0.0147978
3.19733 0.0492564 0.146322 0.115708 0.0146854
3.2 0.0492063 0.145664 0.115708 0.0145704
3.20267 0.0491566 0.147481 0.115708 0.0144555
3.20533 0.0491073 0.148633 0.115708 0.0143414
3.208 0.0490584 0.149441 0.115708 0.0142313
3.21067 0.0490099 0.149826 0.115708 0.0141267
3.21333 0.0489612 0.149737 0.115708 0.0140229
3.216 0.0489128 0.147896 0.115708 0.0139195
3.21867 0.0488647 0.147086 0.115708 0.0138145
3.22133 0.0488169 0.147874 0.115708 0.0137117
3.224 0.0487694 0.148382 0.115708 0.0136082
3.22667 0.0487222 0.148338 0.115708 0.0135033
3.22933 0.0486754 0.147962 0.115708 0.0134037
3.232 0.0486289 0.148856 0.115708 0.0133052
3.23467 0.0485827 0.150455 0.115708 0.0132035
3.23733 0.0485369 0.151685 0.115708 0.0131012
3.24 0.0484913 0.152539 0.115708 0.0130057
3.24267 0.0484461 0.152991 0.115708 0.0129137
3.24533 0.0484012 0.150932 0.115708 0.0128198
3.248 0.0483566 0.150138 0.115708 0.0127289
3.25067 0.0483124 0.150885 0.115708 0.0126349
3.25333 0.0482684 0.151658 0.115708 0.0125474
3.256 0.0482248 0.151889 0.115708 0.0124598
3.25867 0.0481815 0.15173 0.115708 0.0123756
3.26133 0.0481384 0.152492 0.115708 0.0122922
3.264 0.0480876 0.154338 0.115708 0.0122048
3.26667 0.0480371 0.15577 0.115708 0.0121166
3.26933 0.0479869 0.156839 0.115708 0.01203
3.272 0.047937 0.1575 0.115708 0.0119529
3.27467 0.0478876 0.157909 0.115708 0.0118724
3.27733 0.0478385 0.157834 0.115708 0.0117963
3.28 0.0477898 0.157464 0.115708 0.0117234
3.28222 0.0477496 0.156933 0.115708 0.0116674
3.28444 0.0477096 0.157273 0.115708 0.0116103
3.28667 0.04767 0.157185 0.115708 0.0115552
3.28889 0.0476307 0.156839 0.115708 0.0114981
3.29111 0.0475916 0.158022 0.115708 0.0114355
3.29333 0.0475529 0.15968 0.115708 0.0113773
3.29556 0.0475145 0.160927 0.115708 0.0113191
3.29778 0.0474763 0.161846 0.115708 0.0112662
3.3 0.0474385 0.162631 0.115708 0.0112137
3.30222 0.047401 0.163062 0.115708 0.0111659
3.30444 0.0473638 0.163185 0.115708 0.0111227
3.30667 0.0473269 0.162922 0.115708 0.0110809
3.30889 0.0472904 0.16276 0.115708 0.0110417
3.31111 0.0472541 0.163321 0.115708 0.0110029
3.31333 0.047218 0.16416 0.115708 0.0109659
3.31556 0.0471822 0.164462 0.115708 0.0109304
3.31778 0.0471467 0.164208 0.115708 0.0108938
3.32 0.0471115 0.165487 0.115708 0.0108562
3.32222 0.0470765 0.167115 0.115708 0.0108161
3.32444 0.0470417 0.168316 0.115708 0.0107734
3.32667 0.047007 0.169071 0.115708 0.0107422
3.32889 0.0469726 0.169371 0.115708 0.0107156
3.33111 0.0469383 0.16936 0.115708 0.010692
3.33333 0.0469042 0.168953 0.115708 0.0106639
3.33556 0.0468699 0.16836 0.115708 0.0106408
3.33778 0.046836 0.168094 0.115708 0.0106223
3.34 0.0468024 0.168963 0.115708 0.010605
3.34222 0.0467692 0.169239 0.115708 0.0105858
3.34444 0.0467363 0.168767 0.115708 0.0105698
3.34667 0.0467035 0.169245 0.115708 0.0105511
3.34889 0.0466707 0.170916 0.115708 0.0105287
3.35111 0.0466378 0.172011 0.115708 0.0105137
3.35333 0.046605 0.172406 0.115708 0.0105056
3.35556 0.0465724 0.17237 0.115708 0.0105021
3.35778 0.04654 0.172531 0.115708 0.0104998
3.36 0.0465076 0.172482 0.115708 0.0104994
3.36222 0.0464746 0.172201 0.115708 0.0105019
3.36444 0.0464386 0.17167 0.115708 0.0105072
3.36667 0.0464023 0.171131 0.115708 0.0105125
3.36889 0.0463657 0.170601 0.115708 0.01052
3.37111 0.0463277 0.172207 0.115708 0.0105265
3.37333 0.0462859 0.17366 0.115708 0.0105274
3.37556 0.0462458 0.174637 0.115708 0.0105338
3.37778 0.0462075 0.175313 0.115708 0.0105496
3.38 0.0461718 0.175608 0.115708 0.010571
3.38222 0.0461392 0.175624 0.115708 0.0105955
3.38444 0.0461106 0.17547 0.115708 0.010625
3.38667 0.0460884 0.175187 0.115708 0.0106597
3.38889 0.0460778 0.17484 0.115708 0.0107018
3.39111 0.0460799 0.17438 0.115708 0.0107491
3.39333 0.0461173 0.174177 0.115708 0.0108056
3.39556 0.0462785 0.174251 0.115708 0.0108724
3.39778 0.0462938 0.174161 0.115708 0.010944
3.4 0.046389 0.184253 0.115708 0.0110254
3.40222 0.0466814 0.195532 0.115708 0.0111236
3.40444 0.0474749 0.204662 0.115708 0.0112394
3.40667 0.0493759 0.216263 0.115708 0.0113798
3.40889 0.0540047 0.228636 0.115708 0.0115393
3.41111 0.0668839 0.2364 0.115708 0.0117161
3.41333 0.0975665 0.240988 0.115708 0.0119121
3.41556 0.103852 0.246668 0.115708 0.0121359
3.41778 0.103734 0.256839 0.115708 0.0124008
3.42 0.103617 0.312481 0.115708 0.0127138
3.42222 0.103499 0.400426 0.115708 0.0130774
3.42444 0.103382 0.479126 0.115708 0.0134847
3.42556 0.103324 0.510856 0.115708 0.0136982
3.42667 0.103266 0.536628 0.115708 0.0139133
3.42889 0.10315 0.570583 0.115708 0.0143409
3.43111 0.103034 0.583447 0.115708 0.0147486
3.43333 0.102918 0.574664 0.115708 0.0151273
3.43556 0.102803 0.553828 0.115708 0.0154812
3.43778 0.102688 0.524341 0.115708 0.0158104
3.44 0.102573 0.494033 0.115708 0.0161212
3.44222 0.102459 0.476166 0.115708 0.0164159
3.44444 0.102345 0.461708 0.115708 0.0166948
3.44667 0.102231 0.451659 0.115708 0.0169623
3.44889 0.102118 0.43777 0.115708 0.0172165
3.45111 0.102005 0.42457 0.115708 0.0174623
3.45333 0.101893 0.416584 0.115708 0.0177003
3.45556 0.10178 0.409431 0.115708 0.0179296
3.45778 0.101668 0.404065 0.115708 0.0181517
3.46 0.101557 0.396642 0.115708 0.0183675
3.46222 0.101446 0.388311 0.115708 0.0185768
3.46444 0.101335 0.383226 0.115708 0.0187793
3.46667 0.101225 0.379246 0.115708 0.0189774
3.46933 0.101093 0.371841 0.115708 0.0192072
3.472 0.100962 0.367445 0.115708 0.0194311
3.47467 0.100831 0.361584 0.115708 0.0196469
3.47733 0.100701 0.354981 0.115708 0.0198569
3.48 0.100572 0.351521 0.115708 0.0200564
3.48267 0.100443 0.345833 0.115708 0.0202545
3.48533 0.100315 0.341795 0.115708 0.0204465
3.488 0.100187 0.337695 0.115708 0.0206337
3.49067 0.10006 0.333194 0.115708 0.0208181
3.49333 0.0999336 0.330305 0.115708 0.0209968
3.496 0.0998079 0.327418 0.115708 0.0211702
3.49867 0.0996828 0.324223 0.115708 0.0213389
3.50133 0.0995583 0.322004 0.115708 0.0215008
3.504 0.0994343 0.319671 0.115708 0.0216597
3.50667 0.0993111 0.315924 0.115708 0.0218125
3.50933 0.0991884 0.31486 0.115708 0.021965
3.512 0.0990663 0.311531 0.115708 0.0221128
3.51467 0.0989448 0.308506 0.115708 0.0222579
3.51733 0.0988239 0.307512 0.115708 0.022398
3.52 0.0986782 0.303632 0.115708 0.0225337
3.52267 0.098533 0.301324 0.115708 0.0226633
3.52533 0.0983883 0.299386 0.115708 0.0227841
3.528 0.0982441 0.295916 0.115708 0.0229114
3.53067 0.0981004 0.293643 0.115708 0.0230359
3.53333 0.0979573 0.290943 0.115708 0.0231602
3.536 0.0978147 0.288834 0.115708 0.0232803
3.53867 0.0976727 0.286724 0.115708 0.0233971
3.54133 0.0975312 0.2855 0.115708 0.0235095
3.544 0.0973902 0.283989 0.115708 0.0236182
3.54667 0.0972498 0.281946 0.115708 0.0237225
3.54933 0.0971099 0.280143 0.115708 0.0238173
3.552 0.0969706 0.277966 0.115708 0.0239171
3.55467 0.0968318 0.276184 0.115708 0.0240111
3.55733 0.0966936 0.275064 0.115708 0.0241022
3.56 0.096556 0.273641 0.115708 0.0241936
3.56267 0.0964189 0.271487 0.115708 0.0242824
3.56533 0.0962824 0.269119 0.115708 0.0243713
3.568 0.0961465 0.26672 0.115708 0.024456
3.57067 0.0960112 0.265186 0.115708 0.0245361
3.57333 0.0958765 0.264203 0.115708 0.0246166
3.576 0.0957423 0.262911 0.115708 0.0246999
3.57867 0.0956088 0.261378 0.115708 0.0247812
3.58133 0.0954758 0.259495 0.115708 0.0248591
3.584 0.0953434 0.258275 0.115708 0.0249345
3.58667 0.0952117 0.257406 0.115708 0.0250037
3.58933 0.0950805 0.256332 0.115708 0.0250717
3.592 0.0949499 0.254826 0.115708 0.0251373
3.59467 0.09482 0.253299 0.115708 0.0252031
3.59733 0.0946906 0.252008 0.115708 0.0252679
3.6 0.0945619 0.250289 0.115708 0.0253306
3.60267 0.0944338 0.248994 0.115708 0.0253914
3.60533 0.0943063 0.24727 0.115708 0.0254527
3.608 0.0941794 0.246015 0.115708 0.0255128
3.61067 0.0940532 0.245594 0.115708 0.0255707
3.61333 0.0939276 0.24395 0.115708 0.025626
3.616 0.0938026 0.242788 0.115708 0.0256779
3.61867 0.0936782 0.241946 0.115708 0.0257296
3.62133 0.0935545 0.24107 0.115708 0.0257778
3.624 0.0934314 0.240099 0.115708 0.0258274
3.62667 0.0933089 0.239162 0.115708 0.0258766
3.62933 0.0931871 0.238105 0.115708 0.0259244
3.632 0.093066 0.236973 0.115708 0.0259741
3.63467 0.0929454 0.235497 0.115708 0.0260201
3.63733 0.0928256 0.234913 0.115708 0.0260638
3.64 0.0927063 0.233087 0.115708 0.0261054
3.64267 0.0925878 0.232342 0.115708 0.0261449
3.64533 0.0924698 0.231768 0.115708 0.0261848
3.648 0.0923526 0.231143 0.115708 0.0262236
3.65067 0.0922359 0.230322 0.115708 0.0262603
3.65333 0.09212 0.229416 0.115708 0.0262948
3.656 0.0920047 0.228737 0.115708 0.0263326
3.65867 0.09189 0.227971 0.115708 0.0263662
3.66133 0.0917761 0.226978 0.115708 0.0263974
3.664 0.0916627 0.226118 0.115708 0.0264297
3.66667 0.0915501 0.224881 0.115708 0.0264609
3.66933 0.0914381 0.223966 0.115708 0.02649
3.672 0.0913268 0.223388 0.115708 0.0265189
3.67467 0.0912162 0.222442 0.115708 0.0265465
3.67733 0.0911062 0.2214 0.115708 0.0265741
3.68 0.0909969 0.220626 0.115708 0.0266015
3.68267 0.0908883 0.220303 0.115708 0.0266259
3.68533 0.0907804 0.219436 0.115708 0.0266457
3.688 0.0906731 0.218549 0.115708 0.0266665
3.69067 0.0905665 0.217607 0.115708 0.0266879
3.69333 0.0904607 0.216805 0.115708 0.0267086
3.69667 0.0903293 0.215874 0.115708 0.0267376
3.7 0.0901989 0.214748 0.115708 0.0267663
3.70222 0.0901126 0.214341 0.115708 0.0267831
3.70444 0.0900268 0.213811 0.115708 0.0267998
3.70667 0.0899415 0.213393 0.115708 0.026816
3.70933 0.0898397 0.212974 0.115708 0.026836
3.712 0.0897386 0.212242 0.115708 0.0268586
3.71467 0.0896382 0.211647 0.115708 0.0268769
3.71733 0.0895385 0.210906 0.115708 0.026894
3.72 0.0894395 0.210363 0.115708 0.0269085
3.72333 0.0893167 0.209846 0.115708 0.0269276
3.72667 0.0891951 0.208916 0.115708 0.0269455
3.73 0.0890745 0.208305 0.115708 0.0269639
3.73333 0.0889549 0.207952 0.115708 0.026979
3.73667 0.0888365 0.20724 0.115708 0.026993
3.74 0.0887192 0.205907 0.115708 0.0270111
3.74333 0.088603 0.205047 0.115708 0.0270251
3.74667 0.0884879 0.204482 0.115708 0.027039
3.75 0.0883738 0.203694 0.115708 0.0270489
3.75333 0.0882609 0.20282 0.115708 0.0270558
3.75667 0.0881491 0.202278 0.115708 0.0270642
3.76 0.0880384 0.201636 0.115708 0.0270706
3.76333 0.0879287 0.201105 0.115708 0.0270783
3.76667 0.0878202 0.200363 0.115708 0.0270853
3.77 0.0877128 0.199256 0.115708 0.0270952
3.77333 0.0876065 0.198715 0.115708 0.0271026
3.77667 0.0875013 0.198373 0.115708 0.0271077
3.78 0.0873972 0.197818 0.115708 0.0271108
3.78333 0.0872943 0.19718 0.115708 0.0271124
3.78667 0.0871925 0.196563 0.115708 0.0271134
3.79 0.087092 0.195941 0.115708 0.0271129
3.79333 0.0869927 0.195323 0.115708 0.0271126
3.79667 0.0868946 0.194665 0.115708 0.0271117
3.8 0.0867977 0.193908 0.115708 0.0271099
3.80333 0.086702 0.193378 0.115708 0.027111
3.80667 0.0866075 0.193034 0.115708 0.0271097
3.81 0.0865142 0.192507 0.115708 0.0271069
3.81333 0.0864221 0.191851 0.115708 0.0271033
3.81667 0.0863313 0.191266 0.115708 0.0271002
3.82 0.0862416 0.190636 0.115708 0.0270923
3.82333 0.0861531 0.190215 0.115708 0.0270836
3.82667 0.0860659 0.189579 0.115708 0.0270739
3.83 0.0859798 0.189059 0.115708 0.0270667
3.83333 0.085895 0.188203 0.115708 0.0270583
3.83667 0.0858113 0.187531 0.115708 0.0270499
3.84 0.0857289 0.187179 0.115708 0.0270396
3.84333 0.0856477 0.186692 0.115708 0.0270293
3.84667 0.0855676 0.186216 0.115708 0.0270173
3.85 0.0854888 0.185775 0.115708 0.0270083
3.85333 0.0854112 0.185335 0.115708 0.0269949
3.85667 0.0853347 0.18495 0.115708 0.026979
3.86 0.0852595 0.184332 0.115708 0.0269622
3.86333 0.0851855 0.183808 0.115708 0.0269471
3.86667 0.0851126 0.183124 0.115708 0.0269325
3.87 0.0850409 0.18289 0.115708 0.0269174
3.87333 0.0849705 0.182172 0.115708 0.0269026
3.87667 0.0849012 0.181755 0.115708 0.0268864
3.88 0.0848331 0.181302 0.115708 0.0268712
3.88333 0.0847662 0.181125 0.115708 0.0268559
3.88667 0.0847005 0.181008 0.115708 0.0268398
3.89 0.084636 0.18071 0.115708 0.026821
3.89333 0.0845727 0.179798 0.115708 0.0267998
3.89667 0.0845105 0.179336 0.115708 0.0267802
3.9 0.0844495 0.178934 0.115708 0.026762
3.90333 0.0843897 0.178427 0.115708 0.0267427
3.90667 0.0843311 0.178257 0.115708 0.0267275
3.91 0.0842737 0.177704 0.115708 0.0267094
3.91333 0.0842174 0.177269 0.115708 0.0266901
3.91667 0.0841623 0.177098 0.115708 0.026671
3.92 0.0841084 0.176632 0.115708 0.0266508
3.92333 0.0840556 0.17639 0.115708 0.0266288
3.92667 0.084004 0.175991 0.115708 0.0266066
3.93 0.0839536 0.17552 0.115708 0.0265812
3.93333 0.0839043 0.175345 0.115708 0.026558
3.93667 0.0838562 0.174829 0.115708 0.0265341
3.94 0.0838092 0.174462 0.115708 0.0265098
3.94333 0.0837634 0.174023 0.115708 0.0264851
3.94667 0.0837187 0.173775 0.115708 0.0264591
3.95 0.0836752 0.173312 0.115708 0.0264351
3.95333 0.0836329 0.173083 0.115708 0.026409
3.95667 0.0835917 0.172762 0.115708 0.0263811
3.96 0.0835516 0.172155 0.115708 0.026356
3.96333 0.0835127 0.171756 0.115708 0.0263263
3.96667 0.0834749 0.171381 0.115708 0.0262937
3.97 0.0834383 0.171019 0.115708 0.0262613
3.97333 0.0834028 0.170759 0.115708 0.0262292
3.97667 0.0833684 0.17024 0.115708 0.0261996
3.98 0.0833352 0.169956 0.115708 0.0261687
3.98333 0.0833031 0.169572 0.115708 0.0261383
3.98667 0.0832722 0.169325 0.115708 0.026107
3.99 0.0832423 0.168796 0.115708 0.0260751
3.99333 0.0832135 0.168231 0.115708 0.0260417
3.99667 0.0831857 0.168047 0.115708 0.0260063
4 0.0831589 0.167861 0.115708 0.0259702
